# JRE version: Java(TM) SE Runtime Environment (8.0_144-b01) (build 1.8.0_144-b01)
# Java VM: Java HotSpot(TM) Client VM (25.144-b01 mixed mode windows-x86 )
Heap:
 def new generation   total 23552K, used 18963K [0x07200000, 0x08b80000, 0x0c750000)
  eden space 20992K,  82% used [0x07200000, 0x08302c90, 0x08680000)
  from space 2560K,  60% used [0x08900000, 0x08a82160, 0x08b80000)
  to   space 2560K,   0% used [0x08680000, 0x08680000, 0x08900000)
 tenured generation   total 52080K, used 31247K [0x0c750000, 0x0fa2c000, 0x17200000)
   the space 52080K,  59% used [0x0c750000, 0x0e5d3f00, 0x0e5d4000, 0x0fa2c000)
 Metaspace       used 15896K, capacity 16846K, committed 16896K, reserved 17792K
GC Heap History (10 events):
Event: 43.304 GC heap before
{Heap before GC invocations=58 (full 3):
 def new generation   total 17280K, used 17280K [0x07200000, 0x084b0000, 0x0c750000)
  eden space 15424K, 100% used [0x07200000, 0x08110000, 0x08110000)
  from space 1856K, 100% used [0x08110000, 0x082e0000, 0x082e0000)
  to   space 1856K,   0% used [0x082e0000, 0x082e0000, 0x084b0000)
 tenured generation   total 38248K, used 33790K [0x0c750000, 0x0ecaa000, 0x17200000)
   the space 38248K,  88% used [0x0c750000, 0x0e84fba8, 0x0e84fc00, 0x0ecaa000)
 Metaspace       used 15920K, capacity 16876K, committed 16896K, reserved 17792K
Event: 43.312 GC heap after
Heap after GC invocations=59 (full 3):
 def new generation   total 17280K, used 1856K [0x07200000, 0x084b0000, 0x0c750000)
  eden space 15424K,   0% used [0x07200000, 0x07200000, 0x08110000)
  from space 1856K, 100% used [0x082e0000, 0x084b0000, 0x084b0000)
  to   space 1856K,   0% used [0x08110000, 0x08110000, 0x082e0000)
 tenured generation   total 38248K, used 35318K [0x0c750000, 0x0ecaa000, 0x17200000)
   the space 38248K,  92% used [0x0c750000, 0x0e9cd9f0, 0x0e9cda00, 0x0ecaa000)
 Metaspace       used 15920K, capacity 16876K, committed 16896K, reserved 17792K
}
Event: 43.314 GC heap before
{Heap before GC invocations=59 (full 3):
 def new generation   total 17280K, used 2358K [0x07200000, 0x084b0000, 0x0c750000)
  eden space 15424K,   3% used [0x07200000, 0x0727d980, 0x08110000)
  from space 1856K, 100% used [0x082e0000, 0x084b0000, 0x084b0000)
  to   space 1856K,   0% used [0x08110000, 0x08110000, 0x082e0000)
 tenured generation   total 38248K, used 35318K [0x0c750000, 0x0ecaa000, 0x17200000)
   the space 38248K,  92% used [0x0c750000, 0x0e9cd9f0, 0x0e9cda00, 0x0ecaa000)
 Metaspace       used 15920K, capacity 16876K, committed 16896K, reserved 17792K
Event: 43.317 GC heap after
Heap after GC invocations=60 (full 3):
 def new generation   total 17280K, used 138K [0x07200000, 0x084b0000, 0x0c750000)
  eden space 15424K,   0% used [0x07200000, 0x07200000, 0x08110000)
  from space 1856K,   7% used [0x08110000, 0x08132a50, 0x082e0000)
  to   space 1856K,   0% used [0x082e0000, 0x082e0000, 0x084b0000)
 tenured generation   total 38248K, used 37174K [0x0c750000, 0x0ecaa000, 0x17200000)
   the space 38248K,  97% used [0x0c750000, 0x0eb9d960, 0x0eb9da00, 0x0ecaa000)
 Metaspace       used 15920K, capacity 16876K, committed 16896K, reserved 17792K
}
Event: 43.907 GC heap before
{Heap before GC invocations=60 (full 3):
 def new generation   total 17280K, used 15557K [0x07200000, 0x084b0000, 0x0c750000)
  eden space 15424K,  99% used [0x07200000, 0x0810ec58, 0x08110000)
  from space 1856K,   7% used [0x08110000, 0x08132a50, 0x082e0000)
  to   space 1856K,   0% used [0x082e0000, 0x082e0000, 0x084b0000)
 tenured generation   total 38248K, used 37174K [0x0c750000, 0x0ecaa000, 0x17200000)
   the space 38248K,  97% used [0x0c750000, 0x0eb9d960, 0x0eb9da00, 0x0ecaa000)
 Metaspace       used 15920K, capacity 16876K, committed 16896K, reserved 17792K
Event: 43.910 GC heap after
Heap after GC invocations=61 (full 3):
 def new generation   total 17280K, used 1856K [0x07200000, 0x084b0000, 0x0c750000)
  eden space 15424K,   0% used [0x07200000, 0x07200000, 0x08110000)
  from space 1856K, 100% used [0x082e0000, 0x084b0000, 0x084b0000)
  to   space 1856K,   0% used [0x08110000, 0x08110000, 0x082e0000)
 tenured generation   total 38248K, used 37213K [0x0c750000, 0x0ecaa000, 0x17200000)
   the space 38248K,  97% used [0x0c750000, 0x0eba77e8, 0x0eba7800, 0x0ecaa000)
 Metaspace       used 15920K, capacity 16876K, committed 16896K, reserved 17792K
}
Event: 45.456 GC heap before
{Heap before GC invocations=61 (full 3):
 def new generation   total 17280K, used 17280K [0x07200000, 0x084b0000, 0x0c750000)
  eden space 15424K, 100% used [0x07200000, 0x08110000, 0x08110000)
  from space 1856K, 100% used [0x082e0000, 0x084b0000, 0x084b0000)
  to   space 1856K,   0% used [0x08110000, 0x08110000, 0x082e0000)
 tenured generation   total 38248K, used 37213K [0x0c750000, 0x0ecaa000, 0x17200000)
   the space 38248K,  97% used [0x0c750000, 0x0eba77e8, 0x0eba7800, 0x0ecaa000)
 Metaspace       used 15920K, capacity 16876K, committed 16896K, reserved 17792K
Event: 45.524 GC heap after
Heap after GC invocations=62 (full 4):
 def new generation   total 23552K, used 0K [0x07200000, 0x08b80000, 0x0c750000)
  eden space 20992K,   0% used [0x07200000, 0x07200000, 0x08680000)
  from space 2560K,   0% used [0x08680000, 0x08680000, 0x08900000)
  to   space 2560K,   0% used [0x08900000, 0x08900000, 0x08b80000)
 tenured generation   total 52080K, used 31247K [0x0c750000, 0x0fa2c000, 0x17200000)
   the space 52080K,  59% used [0x0c750000, 0x0e5d3f00, 0x0e5d4000, 0x0fa2c000)
 Metaspace       used 15896K, capacity 16846K, committed 16896K, reserved 17792K
}
Event: 48.564 GC heap before
{Heap before GC invocations=62 (full 4):
 def new generation   total 23552K, used 20983K [0x07200000, 0x08b80000, 0x0c750000)
  eden space 20992K,  99% used [0x07200000, 0x0867de30, 0x08680000)
  from space 2560K,   0% used [0x08680000, 0x08680000, 0x08900000)
  to   space 2560K,   0% used [0x08900000, 0x08900000, 0x08b80000)
 tenured generation   total 52080K, used 31247K [0x0c750000, 0x0fa2c000, 0x17200000)
   the space 52080K,  59% used [0x0c750000, 0x0e5d3f00, 0x0e5d4000, 0x0fa2c000)
 Metaspace       used 15896K, capacity 16846K, committed 16896K, reserved 17792K
Event: 48.569 GC heap after
Heap after GC invocations=63 (full 4):
 def new generation   total 23552K, used 1544K [0x07200000, 0x08b80000, 0x0c750000)
  eden space 20992K,   0% used [0x07200000, 0x07200000, 0x08680000)
  from space 2560K,  60% used [0x08900000, 0x08a82160, 0x08b80000)
  to   space 2560K,   0% used [0x08680000, 0x08680000, 0x08900000)
 tenured generation   total 52080K, used 31247K [0x0c750000, 0x0fa2c000, 0x17200000)
   the space 52080K,  59% used [0x0c750000, 0x0e5d3f00, 0x0e5d4000, 0x0fa2c000)
 Metaspace       used 15896K, capacity 16846K, committed 16896K, reserved 17792K
}

