# JRE version: Java(TM) SE Runtime Environment (8.0_144-b01) (build 1.8.0_144-b01)
# Java VM: Java HotSpot(TM) Client VM (25.144-b01 mixed mode windows-x86 )
Heap:
 def new generation   total 24128K, used 20169K [0x07000000, 0x08a20000, 0x0c550000)
  eden space 21504K,  84% used [0x07000000, 0x081d5e40, 0x08500000)
  from space 2624K,  72% used [0x08500000, 0x086dc750, 0x08790000)
  to   space 2624K,   0% used [0x08790000, 0x08790000, 0x08a20000)
 tenured generation   total 53364K, used 42482K [0x0c550000, 0x0f96d000, 0x17000000)
   the space 53364K,  79% used [0x0c550000, 0x0eecc928, 0x0eecca00, 0x0f96d000)
 Metaspace       used 16650K, capacity 17639K, committed 17664K, reserved 17792K
GC Heap History (10 events):
Event: 51.260 GC heap before
{Heap before GC invocations=79 (full 5):
 def new generation   total 24128K, used 22248K [0x07000000, 0x08a20000, 0x0c550000)
  eden space 21504K, 100% used [0x07000000, 0x08500000, 0x08500000)
  from space 2624K,  28% used [0x08790000, 0x0884a3a8, 0x08a20000)
  to   space 2624K,   0% used [0x08500000, 0x08500000, 0x08790000)
 tenured generation   total 53364K, used 32017K [0x0c550000, 0x0f96d000, 0x17000000)
   the space 53364K,  59% used [0x0c550000, 0x0e4947a0, 0x0e494800, 0x0f96d000)
 Metaspace       used 16634K, capacity 17602K, committed 17664K, reserved 17792K
Event: 51.263 GC heap after
Heap after GC invocations=80 (full 5):
 def new generation   total 24128K, used 1157K [0x07000000, 0x08a20000, 0x0c550000)
  eden space 21504K,   0% used [0x07000000, 0x07000000, 0x08500000)
  from space 2624K,  44% used [0x08500000, 0x086214b8, 0x08790000)
  to   space 2624K,   0% used [0x08790000, 0x08790000, 0x08a20000)
 tenured generation   total 53364K, used 32017K [0x0c550000, 0x0f96d000, 0x17000000)
   the space 53364K,  59% used [0x0c550000, 0x0e4947a0, 0x0e494800, 0x0f96d000)
 Metaspace       used 16634K, capacity 17602K, committed 17664K, reserved 17792K
}
Event: 51.551 GC heap before
{Heap before GC invocations=80 (full 5):
 def new generation   total 24128K, used 22657K [0x07000000, 0x08a20000, 0x0c550000)
  eden space 21504K,  99% used [0x07000000, 0x084ff080, 0x08500000)
  from space 2624K,  44% used [0x08500000, 0x086214b8, 0x08790000)
  to   space 2624K,   0% used [0x08790000, 0x08790000, 0x08a20000)
 tenured generation   total 53364K, used 32017K [0x0c550000, 0x0f96d000, 0x17000000)
   the space 53364K,  59% used [0x0c550000, 0x0e4947a0, 0x0e494800, 0x0f96d000)
 Metaspace       used 16634K, capacity 17602K, committed 17664K, reserved 17792K
Event: 51.554 GC heap after
Heap after GC invocations=81 (full 5):
 def new generation   total 24128K, used 2155K [0x07000000, 0x08a20000, 0x0c550000)
  eden space 21504K,   0% used [0x07000000, 0x07000000, 0x08500000)
  from space 2624K,  82% used [0x08790000, 0x089aafc0, 0x08a20000)
  to   space 2624K,   0% used [0x08500000, 0x08500000, 0x08790000)
 tenured generation   total 53364K, used 32017K [0x0c550000, 0x0f96d000, 0x17000000)
   the space 53364K,  59% used [0x0c550000, 0x0e4947a0, 0x0e494800, 0x0f96d000)
 Metaspace       used 16634K, capacity 17602K, committed 17664K, reserved 17792K
}
Event: 51.917 GC heap before
{Heap before GC invocations=81 (full 5):
 def new generation   total 24128K, used 23659K [0x07000000, 0x08a20000, 0x0c550000)
  eden space 21504K, 100% used [0x07000000, 0x08500000, 0x08500000)
  from space 2624K,  82% used [0x08790000, 0x089aafc0, 0x08a20000)
  to   space 2624K,   0% used [0x08500000, 0x08500000, 0x08790000)
 tenured generation   total 53364K, used 32017K [0x0c550000, 0x0f96d000, 0x17000000)
   the space 53364K,  59% used [0x0c550000, 0x0e4947a0, 0x0e494800, 0x0f96d000)
 Metaspace       used 16634K, capacity 17602K, committed 17664K, reserved 17792K
Event: 51.920 GC heap after
Heap after GC invocations=82 (full 5):
 def new generation   total 24128K, used 1305K [0x07000000, 0x08a20000, 0x0c550000)
  eden space 21504K,   0% used [0x07000000, 0x07000000, 0x08500000)
  from space 2624K,  49% used [0x08500000, 0x08646498, 0x08790000)
  to   space 2624K,   0% used [0x08790000, 0x08790000, 0x08a20000)
 tenured generation   total 53364K, used 32845K [0x0c550000, 0x0f96d000, 0x17000000)
   the space 53364K,  61% used [0x0c550000, 0x0e5636b8, 0x0e563800, 0x0f96d000)
 Metaspace       used 16634K, capacity 17602K, committed 17664K, reserved 17792K
}
Event: 54.269 GC heap before
{Heap before GC invocations=82 (full 5):
 def new generation   total 24128K, used 22805K [0x07000000, 0x08a20000, 0x0c550000)
  eden space 21504K,  99% used [0x07000000, 0x084ff2d8, 0x08500000)
  from space 2624K,  49% used [0x08500000, 0x08646498, 0x08790000)
  to   space 2624K,   0% used [0x08790000, 0x08790000, 0x08a20000)
 tenured generation   total 53364K, used 32845K [0x0c550000, 0x0f96d000, 0x17000000)
   the space 53364K,  61% used [0x0c550000, 0x0e5636b8, 0x0e563800, 0x0f96d000)
 Metaspace       used 16648K, capacity 17637K, committed 17664K, reserved 17792K
Event: 54.277 GC heap after
Heap after GC invocations=83 (full 5):
 def new generation   total 24128K, used 2624K [0x07000000, 0x08a20000, 0x0c550000)
  eden space 21504K,   0% used [0x07000000, 0x07000000, 0x08500000)
  from space 2624K, 100% used [0x08790000, 0x08a20000, 0x08a20000)
  to   space 2624K,   0% used [0x08500000, 0x08500000, 0x08790000)
 tenured generation   total 53364K, used 35750K [0x0c550000, 0x0f96d000, 0x17000000)
   the space 53364K,  66% used [0x0c550000, 0x0e8398c0, 0x0e839a00, 0x0f96d000)
 Metaspace       used 16648K, capacity 17637K, committed 17664K, reserved 17792K
}
Event: 56.342 GC heap before
{Heap before GC invocations=83 (full 5):
 def new generation   total 24128K, used 20751K [0x07000000, 0x08a20000, 0x0c550000)
  eden space 21504K,  84% used [0x07000000, 0x081b3fd8, 0x08500000)
  from space 2624K, 100% used [0x08790000, 0x08a20000, 0x08a20000)
  to   space 2624K,   0% used [0x08500000, 0x08500000, 0x08790000)
 tenured generation   total 53364K, used 41825K [0x0c550000, 0x0f96d000, 0x17000000)
   the space 53364K,  78% used [0x0c550000, 0x0ee284d0, 0x0ee28600, 0x0f96d000)
 Metaspace       used 16648K, capacity 17637K, committed 17664K, reserved 17792K
Event: 56.347 GC heap after
Heap after GC invocations=84 (full 5):
 def new generation   total 24128K, used 1905K [0x07000000, 0x08a20000, 0x0c550000)
  eden space 21504K,   0% used [0x07000000, 0x07000000, 0x08500000)
  from space 2624K,  72% used [0x08500000, 0x086dc750, 0x08790000)
  to   space 2624K,   0% used [0x08790000, 0x08790000, 0x08a20000)
 tenured generation   total 53364K, used 42482K [0x0c550000, 0x0f96d000, 0x17000000)
   the space 53364K,  79% used [0x0c550000, 0x0eecc928, 0x0eecca00, 0x0f96d000)
 Metaspace       used 16648K, capacity 17637K, committed 17664K, reserved 17792K
}

