# JRE version: Java(TM) SE Runtime Environment (8.0_144-b01) (build 1.8.0_144-b01)
# Java VM: Java HotSpot(TM) Client VM (25.144-b01 mixed mode windows-x86 )
Heap:
 def new generation   total 21312K, used 20193K [0x06800000, 0x07f20000, 0x0bd50000)
  eden space 18944K,  94% used [0x06800000, 0x07968760, 0x07a80000)
  from space 2368K, 100% used [0x07cd0000, 0x07f20000, 0x07f20000)
  to   space 2368K,   0% used [0x07a80000, 0x07a80000, 0x07cd0000)
 tenured generation   total 47216K, used 43541K [0x0bd50000, 0x0eb6c000, 0x16800000)
   the space 47216K,  92% used [0x0bd50000, 0x0e7d57f8, 0x0e7d5800, 0x0eb6c000)
 Metaspace       used 15020K, capacity 15813K, committed 15872K, reserved 16768K
GC Heap History (10 events):
Event: 63.656 GC heap before
{Heap before GC invocations=88 (full 4):
 def new generation   total 21312K, used 21308K [0x06800000, 0x07f20000, 0x0bd50000)
  eden space 18944K, 100% used [0x06800000, 0x07a80000, 0x07a80000)
  from space 2368K,  99% used [0x07a80000, 0x07ccf340, 0x07cd0000)
  to   space 2368K,   0% used [0x07cd0000, 0x07cd0000, 0x07f20000)
 tenured generation   total 47216K, used 34665K [0x0bd50000, 0x0eb6c000, 0x16800000)
   the space 47216K,  73% used [0x0bd50000, 0x0df2a648, 0x0df2a800, 0x0eb6c000)
 Metaspace       used 14983K, capacity 15786K, committed 15872K, reserved 16768K
Event: 63.665 GC heap after
Heap after GC invocations=89 (full 4):
 def new generation   total 21312K, used 1999K [0x06800000, 0x07f20000, 0x0bd50000)
  eden space 18944K,   0% used [0x06800000, 0x06800000, 0x07a80000)
  from space 2368K,  84% used [0x07cd0000, 0x07ec3ca8, 0x07f20000)
  to   space 2368K,   0% used [0x07a80000, 0x07a80000, 0x07cd0000)
 tenured generation   total 47216K, used 36447K [0x0bd50000, 0x0eb6c000, 0x16800000)
   the space 47216K,  77% used [0x0bd50000, 0x0e0e7d60, 0x0e0e7e00, 0x0eb6c000)
 Metaspace       used 14983K, capacity 15786K, committed 15872K, reserved 16768K
}
Event: 65.230 GC heap before
{Heap before GC invocations=89 (full 4):
 def new generation   total 21312K, used 20943K [0x06800000, 0x07f20000, 0x0bd50000)
  eden space 18944K, 100% used [0x06800000, 0x07a80000, 0x07a80000)
  from space 2368K,  84% used [0x07cd0000, 0x07ec3ca8, 0x07f20000)
  to   space 2368K,   0% used [0x07a80000, 0x07a80000, 0x07cd0000)
 tenured generation   total 47216K, used 36447K [0x0bd50000, 0x0eb6c000, 0x16800000)
   the space 47216K,  77% used [0x0bd50000, 0x0e0e7d60, 0x0e0e7e00, 0x0eb6c000)
 Metaspace       used 15013K, capacity 15811K, committed 15872K, reserved 16768K
Event: 65.240 GC heap after
Heap after GC invocations=90 (full 4):
 def new generation   total 21312K, used 2368K [0x06800000, 0x07f20000, 0x0bd50000)
  eden space 18944K,   0% used [0x06800000, 0x06800000, 0x07a80000)
  from space 2368K, 100% used [0x07a80000, 0x07cd0000, 0x07cd0000)
  to   space 2368K,   0% used [0x07cd0000, 0x07cd0000, 0x07f20000)
 tenured generation   total 47216K, used 39639K [0x0bd50000, 0x0eb6c000, 0x16800000)
   the space 47216K,  83% used [0x0bd50000, 0x0e405c00, 0x0e405c00, 0x0eb6c000)
 Metaspace       used 15013K, capacity 15811K, committed 15872K, reserved 16768K
}
Event: 100.540 GC heap before
{Heap before GC invocations=90 (full 4):
 def new generation   total 21312K, used 21312K [0x06800000, 0x07f20000, 0x0bd50000)
  eden space 18944K, 100% used [0x06800000, 0x07a80000, 0x07a80000)
  from space 2368K, 100% used [0x07a80000, 0x07cd0000, 0x07cd0000)
  to   space 2368K,   0% used [0x07cd0000, 0x07cd0000, 0x07f20000)
 tenured generation   total 47216K, used 39639K [0x0bd50000, 0x0eb6c000, 0x16800000)
   the space 47216K,  83% used [0x0bd50000, 0x0e405c00, 0x0e405c00, 0x0eb6c000)
 Metaspace       used 15018K, capacity 15813K, committed 15872K, reserved 16768K
Event: 100.565 GC heap after
Heap after GC invocations=91 (full 4):
 def new generation   total 21312K, used 1476K [0x06800000, 0x07f20000, 0x0bd50000)
  eden space 18944K,   0% used [0x06800000, 0x06800000, 0x07a80000)
  from space 2368K,  62% used [0x07cd0000, 0x07e41390, 0x07f20000)
  to   space 2368K,   0% used [0x07a80000, 0x07a80000, 0x07cd0000)
 tenured generation   total 47216K, used 41487K [0x0bd50000, 0x0eb6c000, 0x16800000)
   the space 47216K,  87% used [0x0bd50000, 0x0e5d3c88, 0x0e5d3e00, 0x0eb6c000)
 Metaspace       used 15018K, capacity 15813K, committed 15872K, reserved 16768K
}
Event: 105.379 GC heap before
{Heap before GC invocations=91 (full 4):
 def new generation   total 21312K, used 20420K [0x06800000, 0x07f20000, 0x0bd50000)
  eden space 18944K, 100% used [0x06800000, 0x07a80000, 0x07a80000)
  from space 2368K,  62% used [0x07cd0000, 0x07e41390, 0x07f20000)
  to   space 2368K,   0% used [0x07a80000, 0x07a80000, 0x07cd0000)
 tenured generation   total 47216K, used 41487K [0x0bd50000, 0x0eb6c000, 0x16800000)
   the space 47216K,  87% used [0x0bd50000, 0x0e5d3c88, 0x0e5d3e00, 0x0eb6c000)
 Metaspace       used 15020K, capacity 15813K, committed 15872K, reserved 16768K
Event: 105.384 GC heap after
Heap after GC invocations=92 (full 4):
 def new generation   total 21312K, used 1671K [0x06800000, 0x07f20000, 0x0bd50000)
  eden space 18944K,   0% used [0x06800000, 0x06800000, 0x07a80000)
  from space 2368K,  70% used [0x07a80000, 0x07c21d80, 0x07cd0000)
  to   space 2368K,   0% used [0x07cd0000, 0x07cd0000, 0x07f20000)
 tenured generation   total 47216K, used 42086K [0x0bd50000, 0x0eb6c000, 0x16800000)
   the space 47216K,  89% used [0x0bd50000, 0x0e6699b8, 0x0e669a00, 0x0eb6c000)
 Metaspace       used 15020K, capacity 15813K, committed 15872K, reserved 16768K
}
Event: 106.418 GC heap before
{Heap before GC invocations=92 (full 4):
 def new generation   total 21312K, used 20615K [0x06800000, 0x07f20000, 0x0bd50000)
  eden space 18944K, 100% used [0x06800000, 0x07a80000, 0x07a80000)
  from space 2368K,  70% used [0x07a80000, 0x07c21d80, 0x07cd0000)
  to   space 2368K,   0% used [0x07cd0000, 0x07cd0000, 0x07f20000)
 tenured generation   total 47216K, used 42086K [0x0bd50000, 0x0eb6c000, 0x16800000)
   the space 47216K,  89% used [0x0bd50000, 0x0e6699b8, 0x0e669a00, 0x0eb6c000)
 Metaspace       used 15020K, capacity 15813K, committed 15872K, reserved 16768K
Event: 106.424 GC heap after
Heap after GC invocations=93 (full 4):
 def new generation   total 21312K, used 2368K [0x06800000, 0x07f20000, 0x0bd50000)
  eden space 18944K,   0% used [0x06800000, 0x06800000, 0x07a80000)
  from space 2368K, 100% used [0x07cd0000, 0x07f20000, 0x07f20000)
  to   space 2368K,   0% used [0x07a80000, 0x07a80000, 0x07cd0000)
 tenured generation   total 47216K, used 43541K [0x0bd50000, 0x0eb6c000, 0x16800000)
   the space 47216K,  92% used [0x0bd50000, 0x0e7d57f8, 0x0e7d5800, 0x0eb6c000)
 Metaspace       used 15020K, capacity 15813K, committed 15872K, reserved 16768K
}

