# JRE version: Java(TM) SE Runtime Environment (8.0_144-b01) (build 1.8.0_144-b01)
# Java VM: Java HotSpot(TM) Client VM (25.144-b01 mixed mode windows-x86 )
Heap:
 def new generation   total 25344K, used 18004K [0x07200000, 0x08d70000, 0x0c750000)
  eden space 22592K,  69% used [0x07200000, 0x0815c048, 0x08810000)
  from space 2752K,  82% used [0x08ac0000, 0x08cf91f0, 0x08d70000)
  to   space 2752K,   0% used [0x08810000, 0x08810000, 0x08ac0000)
 tenured generation   total 56112K, used 43781K [0x0c750000, 0x0fe1c000, 0x17200000)
   the space 56112K,  78% used [0x0c750000, 0x0f211508, 0x0f211600, 0x0fe1c000)
 Metaspace       used 16226K, capacity 17133K, committed 17152K, reserved 17792K
GC Heap History (10 events):
Event: 65.676 GC heap before
{Heap before GC invocations=87 (full 4):
 def new generation   total 25344K, used 25344K [0x07200000, 0x08d70000, 0x0c750000)
  eden space 22592K, 100% used [0x07200000, 0x08810000, 0x08810000)
  from space 2752K, 100% used [0x08810000, 0x08ac0000, 0x08ac0000)
  to   space 2752K,   0% used [0x08ac0000, 0x08ac0000, 0x08d70000)
 tenured generation   total 56112K, used 36246K [0x0c750000, 0x0fe1c000, 0x17200000)
   the space 56112K,  64% used [0x0c750000, 0x0eab5860, 0x0eab5a00, 0x0fe1c000)
 Metaspace       used 16208K, capacity 17118K, committed 17152K, reserved 17792K
Event: 65.683 GC heap after
Heap after GC invocations=88 (full 4):
 def new generation   total 25344K, used 1901K [0x07200000, 0x08d70000, 0x0c750000)
  eden space 22592K,   0% used [0x07200000, 0x07200000, 0x08810000)
  from space 2752K,  69% used [0x08ac0000, 0x08c9b560, 0x08d70000)
  to   space 2752K,   0% used [0x08810000, 0x08810000, 0x08ac0000)
 tenured generation   total 56112K, used 38114K [0x0c750000, 0x0fe1c000, 0x17200000)
   the space 56112K,  67% used [0x0c750000, 0x0ec888c0, 0x0ec88a00, 0x0fe1c000)
 Metaspace       used 16208K, capacity 17118K, committed 17152K, reserved 17792K
}
Event: 68.513 GC heap before
{Heap before GC invocations=88 (full 4):
 def new generation   total 25344K, used 24493K [0x07200000, 0x08d70000, 0x0c750000)
  eden space 22592K, 100% used [0x07200000, 0x08810000, 0x08810000)
  from space 2752K,  69% used [0x08ac0000, 0x08c9b560, 0x08d70000)
  to   space 2752K,   0% used [0x08810000, 0x08810000, 0x08ac0000)
 tenured generation   total 56112K, used 38114K [0x0c750000, 0x0fe1c000, 0x17200000)
   the space 56112K,  67% used [0x0c750000, 0x0ec888c0, 0x0ec88a00, 0x0fe1c000)
 Metaspace       used 16208K, capacity 17118K, committed 17152K, reserved 17792K
Event: 68.522 GC heap after
Heap after GC invocations=89 (full 4):
 def new generation   total 25344K, used 2752K [0x07200000, 0x08d70000, 0x0c750000)
  eden space 22592K,   0% used [0x07200000, 0x07200000, 0x08810000)
  from space 2752K, 100% used [0x08810000, 0x08ac0000, 0x08ac0000)
  to   space 2752K,   0% used [0x08ac0000, 0x08ac0000, 0x08d70000)
 tenured generation   total 56112K, used 39704K [0x0c750000, 0x0fe1c000, 0x17200000)
   the space 56112K,  70% used [0x0c750000, 0x0ee161d8, 0x0ee16200, 0x0fe1c000)
 Metaspace       used 16208K, capacity 17118K, committed 17152K, reserved 17792K
}
Event: 79.173 GC heap before
{Heap before GC invocations=89 (full 4):
 def new generation   total 25344K, used 25343K [0x07200000, 0x08d70000, 0x0c750000)
  eden space 22592K,  99% used [0x07200000, 0x0880fee0, 0x08810000)
  from space 2752K, 100% used [0x08810000, 0x08ac0000, 0x08ac0000)
  to   space 2752K,   0% used [0x08ac0000, 0x08ac0000, 0x08d70000)
 tenured generation   total 56112K, used 39704K [0x0c750000, 0x0fe1c000, 0x17200000)
   the space 56112K,  70% used [0x0c750000, 0x0ee161d8, 0x0ee16200, 0x0fe1c000)
 Metaspace       used 16221K, capacity 17125K, committed 17152K, reserved 17792K
Event: 79.189 GC heap after
Heap after GC invocations=90 (full 4):
 def new generation   total 25344K, used 2672K [0x07200000, 0x08d70000, 0x0c750000)
  eden space 22592K,   0% used [0x07200000, 0x07200000, 0x08810000)
  from space 2752K,  97% used [0x08ac0000, 0x08d5c248, 0x08d70000)
  to   space 2752K,   0% used [0x08810000, 0x08810000, 0x08ac0000)
 tenured generation   total 56112K, used 41318K [0x0c750000, 0x0fe1c000, 0x17200000)
   the space 56112K,  73% used [0x0c750000, 0x0efa9910, 0x0efa9a00, 0x0fe1c000)
 Metaspace       used 16221K, capacity 17125K, committed 17152K, reserved 17792K
}
Event: 80.263 GC heap before
{Heap before GC invocations=90 (full 4):
 def new generation   total 25344K, used 25264K [0x07200000, 0x08d70000, 0x0c750000)
  eden space 22592K, 100% used [0x07200000, 0x08810000, 0x08810000)
  from space 2752K,  97% used [0x08ac0000, 0x08d5c248, 0x08d70000)
  to   space 2752K,   0% used [0x08810000, 0x08810000, 0x08ac0000)
 tenured generation   total 56112K, used 41318K [0x0c750000, 0x0fe1c000, 0x17200000)
   the space 56112K,  73% used [0x0c750000, 0x0efa9910, 0x0efa9a00, 0x0fe1c000)
 Metaspace       used 16223K, capacity 17130K, committed 17152K, reserved 17792K
Event: 80.274 GC heap after
Heap after GC invocations=91 (full 4):
 def new generation   total 25344K, used 2626K [0x07200000, 0x08d70000, 0x0c750000)
  eden space 22592K,   0% used [0x07200000, 0x07200000, 0x08810000)
  from space 2752K,  95% used [0x08810000, 0x08aa0a20, 0x08ac0000)
  to   space 2752K,   0% used [0x08ac0000, 0x08ac0000, 0x08d70000)
 tenured generation   total 56112K, used 42114K [0x0c750000, 0x0fe1c000, 0x17200000)
   the space 56112K,  75% used [0x0c750000, 0x0f070948, 0x0f070a00, 0x0fe1c000)
 Metaspace       used 16223K, capacity 17130K, committed 17152K, reserved 17792K
}
Event: 82.088 GC heap before
{Heap before GC invocations=91 (full 4):
 def new generation   total 25344K, used 25218K [0x07200000, 0x08d70000, 0x0c750000)
  eden space 22592K,  99% used [0x07200000, 0x0880fff8, 0x08810000)
  from space 2752K,  95% used [0x08810000, 0x08aa0a20, 0x08ac0000)
  to   space 2752K,   0% used [0x08ac0000, 0x08ac0000, 0x08d70000)
 tenured generation   total 56112K, used 42114K [0x0c750000, 0x0fe1c000, 0x17200000)
   the space 56112K,  75% used [0x0c750000, 0x0f070948, 0x0f070a00, 0x0fe1c000)
 Metaspace       used 16224K, capacity 17130K, committed 17152K, reserved 17792K
Event: 82.093 GC heap after
Heap after GC invocations=92 (full 4):
 def new generation   total 25344K, used 2276K [0x07200000, 0x08d70000, 0x0c750000)
  eden space 22592K,   0% used [0x07200000, 0x07200000, 0x08810000)
  from space 2752K,  82% used [0x08ac0000, 0x08cf91f0, 0x08d70000)
  to   space 2752K,   0% used [0x08810000, 0x08810000, 0x08ac0000)
 tenured generation   total 56112K, used 43781K [0x0c750000, 0x0fe1c000, 0x17200000)
   the space 56112K,  78% used [0x0c750000, 0x0f211508, 0x0f211600, 0x0fe1c000)
 Metaspace       used 16224K, capacity 17130K, committed 17152K, reserved 17792K
}

