# JRE version: Java(TM) SE Runtime Environment (8.0_144-b01) (build 1.8.0_144-b01)
# Java VM: Java HotSpot(TM) Client VM (25.144-b01 mixed mode windows-x86 )
Heap:
 def new generation   total 30400K, used 24725K [0x06400000, 0x084f0000, 0x0b950000)
  eden space 27072K,  91% used [0x06400000, 0x07c25498, 0x07e70000)
  from space 3328K,   0% used [0x07e70000, 0x07e70000, 0x081b0000)
  to   space 3328K,   0% used [0x081b0000, 0x081b0000, 0x084f0000)
 tenured generation   total 67328K, used 40396K [0x0b950000, 0x0fb10000, 0x16400000)
   the space 67328K,  59% used [0x0b950000, 0x0e0c3210, 0x0e0c3400, 0x0fb10000)
 Metaspace       used 15854K, capacity 16745K, committed 16768K, reserved 16768K
GC Heap History (10 events):
Event: 36.009 GC heap before
{Heap before GC invocations=100 (full 4):
 def new generation   total 21312K, used 20708K [0x06400000, 0x07b10000, 0x0b950000)
  eden space 19008K,  99% used [0x06400000, 0x07683cf8, 0x07690000)
  from space 2304K,  75% used [0x078d0000, 0x07a85340, 0x07b10000)
  to   space 2304K,   0% used [0x07690000, 0x07690000, 0x078d0000)
 tenured generation   total 47200K, used 38499K [0x0b950000, 0x0e768000, 0x16400000)
   the space 47200K,  81% used [0x0b950000, 0x0dee8fa0, 0x0dee9000, 0x0e768000)
 Metaspace       used 15852K, capacity 16713K, committed 16768K, reserved 16768K
Event: 36.013 GC heap after
Heap after GC invocations=101 (full 4):
 def new generation   total 21312K, used 1855K [0x06400000, 0x07b10000, 0x0b950000)
  eden space 19008K,   0% used [0x06400000, 0x06400000, 0x07690000)
  from space 2304K,  80% used [0x07690000, 0x0785fc78, 0x078d0000)
  to   space 2304K,   0% used [0x078d0000, 0x078d0000, 0x07b10000)
 tenured generation   total 47200K, used 39812K [0x0b950000, 0x0e768000, 0x16400000)
   the space 47200K,  84% used [0x0b950000, 0x0e031158, 0x0e031200, 0x0e768000)
 Metaspace       used 15852K, capacity 16713K, committed 16768K, reserved 16768K
}
Event: 37.726 GC heap before
{Heap before GC invocations=101 (full 4):
 def new generation   total 21312K, used 20863K [0x06400000, 0x07b10000, 0x0b950000)
  eden space 19008K, 100% used [0x06400000, 0x07690000, 0x07690000)
  from space 2304K,  80% used [0x07690000, 0x0785fc78, 0x078d0000)
  to   space 2304K,   0% used [0x078d0000, 0x078d0000, 0x07b10000)
 tenured generation   total 47200K, used 39812K [0x0b950000, 0x0e768000, 0x16400000)
   the space 47200K,  84% used [0x0b950000, 0x0e031158, 0x0e031200, 0x0e768000)
 Metaspace       used 15853K, capacity 16745K, committed 16768K, reserved 16768K
Event: 37.732 GC heap after
Heap after GC invocations=102 (full 4):
 def new generation   total 21312K, used 2304K [0x06400000, 0x07b10000, 0x0b950000)
  eden space 19008K,   0% used [0x06400000, 0x06400000, 0x07690000)
  from space 2304K, 100% used [0x078d0000, 0x07b10000, 0x07b10000)
  to   space 2304K,   0% used [0x07690000, 0x07690000, 0x078d0000)
 tenured generation   total 47200K, used 41218K [0x0b950000, 0x0e768000, 0x16400000)
   the space 47200K,  87% used [0x0b950000, 0x0e190820, 0x0e190a00, 0x0e768000)
 Metaspace       used 15853K, capacity 16745K, committed 16768K, reserved 16768K
}
Event: 41.951 GC heap before
{Heap before GC invocations=102 (full 4):
 def new generation   total 21312K, used 21312K [0x06400000, 0x07b10000, 0x0b950000)
  eden space 19008K, 100% used [0x06400000, 0x07690000, 0x07690000)
  from space 2304K, 100% used [0x078d0000, 0x07b10000, 0x07b10000)
  to   space 2304K,   0% used [0x07690000, 0x07690000, 0x078d0000)
 tenured generation   total 47200K, used 41218K [0x0b950000, 0x0e768000, 0x16400000)
   the space 47200K,  87% used [0x0b950000, 0x0e190820, 0x0e190a00, 0x0e768000)
 Metaspace       used 15854K, capacity 16745K, committed 16768K, reserved 16768K
Event: 41.959 GC heap after
Heap after GC invocations=103 (full 4):
 def new generation   total 21312K, used 2200K [0x06400000, 0x07b10000, 0x0b950000)
  eden space 19008K,   0% used [0x06400000, 0x06400000, 0x07690000)
  from space 2304K,  95% used [0x07690000, 0x078b6378, 0x078d0000)
  to   space 2304K,   0% used [0x078d0000, 0x078d0000, 0x07b10000)
 tenured generation   total 47200K, used 43244K [0x0b950000, 0x0e768000, 0x16400000)
   the space 47200K,  91% used [0x0b950000, 0x0e38b350, 0x0e38b400, 0x0e768000)
 Metaspace       used 15854K, capacity 16745K, committed 16768K, reserved 16768K
}
Event: 45.355 GC heap before
{Heap before GC invocations=103 (full 4):
 def new generation   total 21312K, used 21208K [0x06400000, 0x07b10000, 0x0b950000)
  eden space 19008K, 100% used [0x06400000, 0x07690000, 0x07690000)
  from space 2304K,  95% used [0x07690000, 0x078b6378, 0x078d0000)
  to   space 2304K,   0% used [0x078d0000, 0x078d0000, 0x07b10000)
 tenured generation   total 47200K, used 43244K [0x0b950000, 0x0e768000, 0x16400000)
   the space 47200K,  91% used [0x0b950000, 0x0e38b350, 0x0e38b400, 0x0e768000)
 Metaspace       used 15854K, capacity 16745K, committed 16768K, reserved 16768K
Event: 45.360 GC heap after
Heap after GC invocations=104 (full 4):
 def new generation   total 21312K, used 2304K [0x06400000, 0x07b10000, 0x0b950000)
  eden space 19008K,   0% used [0x06400000, 0x06400000, 0x07690000)
  from space 2304K, 100% used [0x078d0000, 0x07b10000, 0x07b10000)
  to   space 2304K,   0% used [0x07690000, 0x07690000, 0x078d0000)
 tenured generation   total 47200K, used 45525K [0x0b950000, 0x0e768000, 0x16400000)
   the space 47200K,  96% used [0x0b950000, 0x0e5c5570, 0x0e5c5600, 0x0e768000)
 Metaspace       used 15854K, capacity 16745K, committed 16768K, reserved 16768K
}
Event: 48.004 GC heap before
{Heap before GC invocations=104 (full 4):
 def new generation   total 21312K, used 21312K [0x06400000, 0x07b10000, 0x0b950000)
  eden space 19008K, 100% used [0x06400000, 0x07690000, 0x07690000)
  from space 2304K, 100% used [0x078d0000, 0x07b10000, 0x07b10000)
  to   space 2304K,   0% used [0x07690000, 0x07690000, 0x078d0000)
 tenured generation   total 47200K, used 45525K [0x0b950000, 0x0e768000, 0x16400000)
   the space 47200K,  96% used [0x0b950000, 0x0e5c5570, 0x0e5c5600, 0x0e768000)
 Metaspace       used 15854K, capacity 16745K, committed 16768K, reserved 16768K
Event: 48.046 GC heap after
Heap after GC invocations=105 (full 5):
 def new generation   total 30400K, used 0K [0x06400000, 0x084f0000, 0x0b950000)
  eden space 27072K,   0% used [0x06400000, 0x06400000, 0x07e70000)
  from space 3328K,   0% used [0x07e70000, 0x07e70000, 0x081b0000)
  to   space 3328K,   0% used [0x081b0000, 0x081b0000, 0x084f0000)
 tenured generation   total 67328K, used 40396K [0x0b950000, 0x0fb10000, 0x16400000)
   the space 67328K,  59% used [0x0b950000, 0x0e0c3210, 0x0e0c3400, 0x0fb10000)
 Metaspace       used 15854K, capacity 16745K, committed 16768K, reserved 16768K
}

