# JRE version: Java(TM) SE Runtime Environment (8.0_144-b01) (build 1.8.0_144-b01)
# Java VM: Java HotSpot(TM) Client VM (25.144-b01 mixed mode windows-x86 )
Heap:
 def new generation   total 28544K, used 3938K [0x06a00000, 0x088f0000, 0x0bf50000)
  eden space 25408K,   3% used [0x06a00000, 0x06ac8b08, 0x082d0000)
  from space 3136K, 100% used [0x082d0000, 0x085e0000, 0x085e0000)
  to   space 3136K,   0% used [0x085e0000, 0x085e0000, 0x088f0000)
 tenured generation   total 63320K, used 48839K [0x0bf50000, 0x0fd26000, 0x16a00000)
   the space 63320K,  77% used [0x0bf50000, 0x0ef01f68, 0x0ef02000, 0x0fd26000)
 Metaspace       used 15566K, capacity 16496K, committed 16512K, reserved 16768K
GC Heap History (10 events):
Event: 94.789 GC heap before
{Heap before GC invocations=93 (full 4):
 def new generation   total 22464K, used 21593K [0x06a00000, 0x08250000, 0x0bf50000)
  eden space 20032K,  95% used [0x06a00000, 0x07cb6400, 0x07d90000)
  from space 2432K, 100% used [0x07d90000, 0x07ff0000, 0x07ff0000)
  to   space 2432K,   0% used [0x07ff0000, 0x07ff0000, 0x08250000)
 tenured generation   total 49748K, used 49706K [0x0bf50000, 0x0efe5000, 0x16a00000)
   the space 49748K,  99% used [0x0bf50000, 0x0efda938, 0x0efdaa00, 0x0efe5000)
 Metaspace       used 15538K, capacity 16466K, committed 16512K, reserved 16768K
Event: 94.875 GC heap after
Heap after GC invocations=94 (full 5):
 def new generation   total 28544K, used 0K [0x06a00000, 0x088f0000, 0x0bf50000)
  eden space 25408K,   0% used [0x06a00000, 0x06a00000, 0x082d0000)
  from space 3136K,   0% used [0x082d0000, 0x082d0000, 0x085e0000)
  to   space 3136K,   0% used [0x085e0000, 0x085e0000, 0x088f0000)
 tenured generation   total 63320K, used 37990K [0x0bf50000, 0x0fd26000, 0x16a00000)
   the space 63320K,  59% used [0x0bf50000, 0x0e469a68, 0x0e469c00, 0x0fd26000)
 Metaspace       used 15486K, capacity 16401K, committed 16512K, reserved 16768K
}
Event: 95.127 GC heap before
{Heap before GC invocations=94 (full 5):
 def new generation   total 28544K, used 24090K [0x06a00000, 0x088f0000, 0x0bf50000)
  eden space 25408K,  94% used [0x06a00000, 0x08186840, 0x082d0000)
  from space 3136K,   0% used [0x082d0000, 0x082d0000, 0x085e0000)
  to   space 3136K,   0% used [0x085e0000, 0x085e0000, 0x088f0000)
 tenured generation   total 63320K, used 37990K [0x0bf50000, 0x0fd26000, 0x16a00000)
   the space 63320K,  59% used [0x0bf50000, 0x0e469a68, 0x0e469c00, 0x0fd26000)
 Metaspace       used 15486K, capacity 16401K, committed 16512K, reserved 16768K
Event: 95.136 GC heap after
Heap after GC invocations=95 (full 5):
 def new generation   total 28544K, used 2240K [0x06a00000, 0x088f0000, 0x0bf50000)
  eden space 25408K,   0% used [0x06a00000, 0x06a00000, 0x082d0000)
  from space 3136K,  71% used [0x085e0000, 0x08810370, 0x088f0000)
  to   space 3136K,   0% used [0x082d0000, 0x082d0000, 0x085e0000)
 tenured generation   total 63320K, used 40474K [0x0bf50000, 0x0fd26000, 0x16a00000)
   the space 63320K,  63% used [0x0bf50000, 0x0e6d6a78, 0x0e6d6c00, 0x0fd26000)
 Metaspace       used 15486K, capacity 16401K, committed 16512K, reserved 16768K
}
Event: 153.194 GC heap before
{Heap before GC invocations=95 (full 5):
 def new generation   total 28544K, used 27648K [0x06a00000, 0x088f0000, 0x0bf50000)
  eden space 25408K, 100% used [0x06a00000, 0x082d0000, 0x082d0000)
  from space 3136K,  71% used [0x085e0000, 0x08810370, 0x088f0000)
  to   space 3136K,   0% used [0x082d0000, 0x082d0000, 0x085e0000)
 tenured generation   total 63320K, used 40474K [0x0bf50000, 0x0fd26000, 0x16a00000)
   the space 63320K,  63% used [0x0bf50000, 0x0e6d6a78, 0x0e6d6c00, 0x0fd26000)
 Metaspace       used 15490K, capacity 16406K, committed 16512K, reserved 16768K
Event: 153.220 GC heap after
Heap after GC invocations=96 (full 5):
 def new generation   total 28544K, used 3136K [0x06a00000, 0x088f0000, 0x0bf50000)
  eden space 25408K,   0% used [0x06a00000, 0x06a00000, 0x082d0000)
  from space 3136K, 100% used [0x082d0000, 0x085e0000, 0x085e0000)
  to   space 3136K,   0% used [0x085e0000, 0x085e0000, 0x088f0000)
 tenured generation   total 63320K, used 43236K [0x0bf50000, 0x0fd26000, 0x16a00000)
   the space 63320K,  68% used [0x0bf50000, 0x0e989360, 0x0e989400, 0x0fd26000)
 Metaspace       used 15490K, capacity 16406K, committed 16512K, reserved 16768K
}
Event: 154.412 GC heap before
{Heap before GC invocations=96 (full 5):
 def new generation   total 28544K, used 28544K [0x06a00000, 0x088f0000, 0x0bf50000)
  eden space 25408K, 100% used [0x06a00000, 0x082d0000, 0x082d0000)
  from space 3136K, 100% used [0x082d0000, 0x085e0000, 0x085e0000)
  to   space 3136K,   0% used [0x085e0000, 0x085e0000, 0x088f0000)
 tenured generation   total 63320K, used 43236K [0x0bf50000, 0x0fd26000, 0x16a00000)
   the space 63320K,  68% used [0x0bf50000, 0x0e989360, 0x0e989400, 0x0fd26000)
 Metaspace       used 15544K, capacity 16473K, committed 16512K, reserved 16768K
Event: 154.423 GC heap after
Heap after GC invocations=97 (full 5):
 def new generation   total 28544K, used 3136K [0x06a00000, 0x088f0000, 0x0bf50000)
  eden space 25408K,   0% used [0x06a00000, 0x06a00000, 0x082d0000)
  from space 3136K, 100% used [0x085e0000, 0x088f0000, 0x088f0000)
  to   space 3136K,   0% used [0x082d0000, 0x082d0000, 0x085e0000)
 tenured generation   total 63320K, used 46474K [0x0bf50000, 0x0fd26000, 0x16a00000)
   the space 63320K,  73% used [0x0bf50000, 0x0ecb2b68, 0x0ecb2c00, 0x0fd26000)
 Metaspace       used 15544K, capacity 16473K, committed 16512K, reserved 16768K
}
Event: 157.670 GC heap before
{Heap before GC invocations=97 (full 5):
 def new generation   total 28544K, used 28544K [0x06a00000, 0x088f0000, 0x0bf50000)
  eden space 25408K, 100% used [0x06a00000, 0x082d0000, 0x082d0000)
  from space 3136K, 100% used [0x085e0000, 0x088f0000, 0x088f0000)
  to   space 3136K,   0% used [0x082d0000, 0x082d0000, 0x085e0000)
 tenured generation   total 63320K, used 46474K [0x0bf50000, 0x0fd26000, 0x16a00000)
   the space 63320K,  73% used [0x0bf50000, 0x0ecb2b68, 0x0ecb2c00, 0x0fd26000)
 Metaspace       used 15566K, capacity 16496K, committed 16512K, reserved 16768K
Event: 157.677 GC heap after
Heap after GC invocations=98 (full 5):
 def new generation   total 28544K, used 3136K [0x06a00000, 0x088f0000, 0x0bf50000)
  eden space 25408K,   0% used [0x06a00000, 0x06a00000, 0x082d0000)
  from space 3136K, 100% used [0x082d0000, 0x085e0000, 0x085e0000)
  to   space 3136K,   0% used [0x085e0000, 0x085e0000, 0x088f0000)
 tenured generation   total 63320K, used 48839K [0x0bf50000, 0x0fd26000, 0x16a00000)
   the space 63320K,  77% used [0x0bf50000, 0x0ef01f68, 0x0ef02000, 0x0fd26000)
 Metaspace       used 15566K, capacity 16496K, committed 16512K, reserved 16768K
}

